<?xml version="1.0" encoding="UTF-8"?>
<!-- Generated by org.testng.reporters.JUnitReportReporter -->
<testsuite hostname="DESKTOP-6CUE8A3" failures="0" tests="1" name="com.saucedemo.testlayer.LoginTest" time="43.493" errors="0" timestamp="2023-10-03T11:02:33 IST" skipped="0">
  <testcase classname="com.saucedemo.testlayer.LoginTest" name="validateLoginPage" time="43.493"/>
</testsuite> <!-- com.saucedemo.testlayer.LoginTest -->
